<?xml version="1.0" encoding="UTF-8"?>
<testsuite name="agh.ics.oop.Vector2dTest" tests="9" skipped="0" failures="0" errors="0" timestamp="2022-10-18T22:16:57" hostname="fedora" time="0.056">
  <properties/>
  <testcase name="upperRight()" classname="agh.ics.oop.Vector2dTest" time="0.024"/>
  <testcase name="precedes()" classname="agh.ics.oop.Vector2dTest" time="0.003"/>
  <testcase name="oposite()" classname="agh.ics.oop.Vector2dTest" time="0.001"/>
  <testcase name="testToString()" classname="agh.ics.oop.Vector2dTest" time="0.011"/>
  <testcase name="follows()" classname="agh.ics.oop.Vector2dTest" time="0.001"/>
  <testcase name="lowerLeft()" classname="agh.ics.oop.Vector2dTest" time="0.002"/>
  <testcase name="add()" classname="agh.ics.oop.Vector2dTest" time="0.001"/>
  <testcase name="substract()" classname="agh.ics.oop.Vector2dTest" time="0.001"/>
  <testcase name="testEquals()" classname="agh.ics.oop.Vector2dTest" time="0.001"/>
  <system-out><![CDATA[]]></system-out>
  <system-err><![CDATA[]]></system-err>
</testsuite>
